{"environment":"development","level":"info","logLevel":"info","logsDirectory":"E:\\Dev-LNT-BE\\namastey-node\\logs","message":"Logger initialized","service":"devtinder-api","timestamp":"2026-01-30 18:33:52"}
{"environment":"development","level":"info","logLevel":"info","logsDirectory":"E:\\Dev-LNT-BE\\namastey-node\\logs","message":"Logger initialized","service":"devtinder-api","timestamp":"2026-01-30 18:34:42"}
{"environment":"development","level":"info","message":"🚀 Starting DevTinder API...","service":"devtinder-api","timestamp":"2026-01-30 18:34:42"}
{"environment":"development","error":"CacheService is not defined","level":"error","message":"❌ Failed to start application","service":"devtinder-api","stack":"ReferenceError: CacheService is not defined\n    at initializeApp (E:\\Dev-LNT-BE\\namastey-node\\src\\app.js:116:5)\n    at process.processTicksAndRejections (node:internal/process/task_queues:105:5)","timestamp":"2026-01-30 18:34:42"}
{"environment":"development","level":"info","logLevel":"info","logsDirectory":"E:\\Dev-LNT-BE\\namastey-node\\logs","message":"Logger initialized","service":"devtinder-api","timestamp":"2026-01-30 18:35:02"}
{"environment":"development","level":"info","message":"🚀 Starting DevTinder API...","service":"devtinder-api","timestamp":"2026-01-30 18:35:02"}
{"environment":"development","error":"CacheService is not defined","level":"error","message":"❌ Failed to start application","service":"devtinder-api","stack":"ReferenceError: CacheService is not defined\n    at initializeApp (E:\\Dev-LNT-BE\\namastey-node\\src\\app.js:116:5)\n    at process.processTicksAndRejections (node:internal/process/task_queues:105:5)","timestamp":"2026-01-30 18:35:03"}
{"environment":"development","level":"info","logLevel":"info","logsDirectory":"E:\\Dev-LNT-BE\\namastey-node\\logs","message":"Logger initialized","service":"devtinder-api","timestamp":"2026-01-30 18:39:36"}
{"environment":"development","level":"info","message":"🚀 Starting DevTinder API...","service":"devtinder-api","timestamp":"2026-01-30 18:39:37"}
{"environment":"development","level":"info","message":"✅ Cache service initialized","service":"devtinder-api","timestamp":"2026-01-30 18:39:37"}
{"environment":"development","level":"info","message":"Database query logging enabled","service":"devtinder-api","timestamp":"2026-01-30 18:39:38"}
{"environment":"development","level":"info","logLevel":"info","logsDirectory":"E:\\Dev-LNT-BE\\namastey-node\\logs","message":"Logger initialized","service":"devtinder-api","timestamp":"2026-01-30 18:44:27"}
{"environment":"development","level":"info","message":"🚀 Starting DevTinder API...","service":"devtinder-api","timestamp":"2026-01-30 18:44:28"}
{"environment":"development","level":"info","message":"✅ Cache service initialized","service":"devtinder-api","timestamp":"2026-01-30 18:44:28"}
{"environment":"development","level":"info","message":"Database query logging enabled","service":"devtinder-api","timestamp":"2026-01-30 18:44:30"}
{"environment":"development","level":"info","logLevel":"info","logsDirectory":"E:\\Dev-LNT-BE\\namastey-node\\logs","message":"Logger initialized","service":"devtinder-api","timestamp":"2026-01-30 18:45:33"}
{"environment":"development","level":"info","message":"🚀 Starting DevTinder API...","service":"devtinder-api","timestamp":"2026-01-30 18:45:33"}
{"environment":"development","level":"info","message":"✅ Cache service initialized","service":"devtinder-api","timestamp":"2026-01-30 18:45:33"}
{"environment":"development","level":"info","message":"Database query logging enabled","service":"devtinder-api","timestamp":"2026-01-30 18:45:35"}
{"environment":"development","level":"info","message":"✅ Database connected and query logging enabled","service":"devtinder-api","timestamp":"2026-01-30 18:45:35"}
{"environment":"development","level":"info","message":"✅ Dependency injection container ready","service":"devtinder-api","timestamp":"2026-01-30 18:45:35"}
{"environment":"development","level":"info","message":"✅ Routes registered","service":"devtinder-api","timestamp":"2026-01-30 18:45:35"}
{"environment":"development","level":"info","message":"🚀 Server running on http://localhost:8080","service":"devtinder-api","timestamp":"2026-01-30 18:45:35"}
{"environment":"development","level":"info","message":"📊 Health check: http://localhost:8080/api/health","service":"devtinder-api","timestamp":"2026-01-30 18:45:35"}
{"environment":"development","level":"info","message":"📈 Metrics: http://localhost:8080/api/health/metrics","service":"devtinder-api","timestamp":"2026-01-30 18:45:35"}
{"cache":{"hitRate":"0%"},"database":{"avgTime":"0ms","queries":0,"slowQueries":0},"environment":"development","level":"info","message":"📊 Application Metrics","requests":{"rps":"0.00","total":0},"service":"devtinder-api","timestamp":"2026-01-30 18:45:35","uptime":"2s"}
{"environment":"development","level":"info","logLevel":"info","logsDirectory":"E:\\Dev-LNT-BE\\namastey-node\\logs","message":"Logger initialized","service":"devtinder-api","timestamp":"2026-01-30 18:46:11"}
{"environment":"development","level":"info","message":"🚀 Starting DevTinder API...","service":"devtinder-api","timestamp":"2026-01-30 18:46:11"}
{"environment":"development","level":"info","message":"✅ Cache service initialized","service":"devtinder-api","timestamp":"2026-01-30 18:46:11"}
{"environment":"development","level":"info","message":"Database query logging enabled","service":"devtinder-api","timestamp":"2026-01-30 18:46:12"}
{"environment":"development","level":"info","message":"✅ Database connected and query logging enabled","service":"devtinder-api","timestamp":"2026-01-30 18:46:12"}
{"environment":"development","level":"info","message":"✅ Dependency injection container ready","service":"devtinder-api","timestamp":"2026-01-30 18:46:12"}
{"environment":"development","level":"info","message":"✅ Routes registered","service":"devtinder-api","timestamp":"2026-01-30 18:46:12"}
{"environment":"development","level":"info","message":"🚀 Server running on http://localhost:8080","service":"devtinder-api","timestamp":"2026-01-30 18:46:12"}
{"environment":"development","level":"info","message":"📊 Health check: http://localhost:8080/api/health","service":"devtinder-api","timestamp":"2026-01-30 18:46:12"}
{"environment":"development","level":"info","message":"📈 Metrics: http://localhost:8080/api/health/metrics","service":"devtinder-api","timestamp":"2026-01-30 18:46:12"}
{"cache":{"hitRate":"0%"},"database":{"avgTime":"0ms","queries":0,"slowQueries":0},"environment":"development","level":"info","message":"📊 Application Metrics","requests":{"rps":"NaN","total":0},"service":"devtinder-api","timestamp":"2026-01-30 18:46:12","uptime":"0s"}
{"environment":"development","level":"info","message":"SIGINT received, shutting down gracefully","service":"devtinder-api","timestamp":"2026-01-30 18:46:15"}
{"environment":"development","level":"info","logLevel":"info","logsDirectory":"E:\\Dev-LNT-BE\\namastey-node\\logs","message":"Logger initialized","service":"devtinder-api","timestamp":"2026-01-30 18:46:21"}
{"environment":"development","level":"info","message":"🚀 Starting DevTinder API...","service":"devtinder-api","timestamp":"2026-01-30 18:46:21"}
{"environment":"development","level":"info","message":"✅ Cache service initialized","service":"devtinder-api","timestamp":"2026-01-30 18:46:21"}
{"environment":"development","level":"info","message":"Database query logging enabled","service":"devtinder-api","timestamp":"2026-01-30 18:46:22"}
{"environment":"development","level":"info","message":"✅ Database connected and query logging enabled","service":"devtinder-api","timestamp":"2026-01-30 18:46:22"}
{"environment":"development","level":"info","message":"✅ Dependency injection container ready","service":"devtinder-api","timestamp":"2026-01-30 18:46:22"}
{"environment":"development","level":"info","message":"✅ Routes registered","service":"devtinder-api","timestamp":"2026-01-30 18:46:22"}
{"environment":"development","level":"info","message":"🚀 Server running on http://localhost:8080","service":"devtinder-api","timestamp":"2026-01-30 18:46:22"}
{"environment":"development","level":"info","message":"📊 Health check: http://localhost:8080/api/health","service":"devtinder-api","timestamp":"2026-01-30 18:46:22"}
{"environment":"development","level":"info","message":"📈 Metrics: http://localhost:8080/api/health/metrics","service":"devtinder-api","timestamp":"2026-01-30 18:46:22"}
{"cache":{"hitRate":"0%"},"database":{"avgTime":"0ms","queries":0,"slowQueries":0},"environment":"development","level":"info","message":"📊 Application Metrics","requests":{"rps":"0.00","total":0},"service":"devtinder-api","timestamp":"2026-01-30 18:46:22","uptime":"1s"}
{"environment":"development","level":"info","logLevel":"info","logsDirectory":"E:\\Dev-LNT-BE\\namastey-node\\logs","message":"Logger initialized","service":"devtinder-api","timestamp":"2026-01-30 18:46:42"}
{"environment":"development","level":"info","message":"🚀 Starting DevTinder API...","service":"devtinder-api","timestamp":"2026-01-30 18:46:42"}
{"environment":"development","level":"info","message":"✅ Cache service initialized","service":"devtinder-api","timestamp":"2026-01-30 18:46:42"}
{"environment":"development","level":"info","message":"Database query logging enabled","service":"devtinder-api","timestamp":"2026-01-30 18:46:44"}
{"environment":"development","level":"info","message":"✅ Database connected and query logging enabled","service":"devtinder-api","timestamp":"2026-01-30 18:46:44"}
{"environment":"development","level":"info","message":"✅ Dependency injection container ready","service":"devtinder-api","timestamp":"2026-01-30 18:46:44"}
{"environment":"development","level":"info","message":"✅ Routes registered","service":"devtinder-api","timestamp":"2026-01-30 18:46:44"}
{"environment":"development","level":"info","message":"🚀 Server running on http://localhost:8080","service":"devtinder-api","timestamp":"2026-01-30 18:46:44"}
{"environment":"development","level":"info","message":"📊 Health check: http://localhost:8080/api/health","service":"devtinder-api","timestamp":"2026-01-30 18:46:44"}
{"environment":"development","level":"info","message":"📈 Metrics: http://localhost:8080/api/health/metrics","service":"devtinder-api","timestamp":"2026-01-30 18:46:44"}
{"cache":{"hitRate":"0%"},"database":{"avgTime":"0ms","queries":0,"slowQueries":0},"environment":"development","level":"info","message":"📊 Application Metrics","requests":{"rps":"0.00","total":0},"service":"devtinder-api","timestamp":"2026-01-30 18:46:44","uptime":"1s"}
{"environment":"development","level":"info","logLevel":"info","logsDirectory":"E:\\Dev-LNT-BE\\namastey-node\\logs","message":"Logger initialized","service":"devtinder-api","timestamp":"2026-01-30 18:46:45"}
{"environment":"development","level":"info","message":"🚀 Starting DevTinder API...","service":"devtinder-api","timestamp":"2026-01-30 18:46:45"}
{"environment":"development","level":"info","message":"✅ Cache service initialized","service":"devtinder-api","timestamp":"2026-01-30 18:46:45"}
{"environment":"development","level":"info","message":"Database query logging enabled","service":"devtinder-api","timestamp":"2026-01-30 18:46:47"}
{"environment":"development","level":"info","message":"✅ Database connected and query logging enabled","service":"devtinder-api","timestamp":"2026-01-30 18:46:47"}
{"environment":"development","level":"info","message":"✅ Dependency injection container ready","service":"devtinder-api","timestamp":"2026-01-30 18:46:47"}
{"environment":"development","level":"info","message":"✅ Routes registered","service":"devtinder-api","timestamp":"2026-01-30 18:46:47"}
{"environment":"development","level":"info","message":"🚀 Server running on http://localhost:8080","service":"devtinder-api","timestamp":"2026-01-30 18:46:47"}
{"environment":"development","level":"info","message":"📊 Health check: http://localhost:8080/api/health","service":"devtinder-api","timestamp":"2026-01-30 18:46:47"}
{"environment":"development","level":"info","message":"📈 Metrics: http://localhost:8080/api/health/metrics","service":"devtinder-api","timestamp":"2026-01-30 18:46:47"}
{"cache":{"hitRate":"0%"},"database":{"avgTime":"0ms","queries":0,"slowQueries":0},"environment":"development","level":"info","message":"📊 Application Metrics","requests":{"rps":"0.00","total":0},"service":"devtinder-api","timestamp":"2026-01-30 18:46:47","uptime":"1s"}
{"cache":{"hitRate":"0%"},"database":{"avgTime":"0ms","queries":0,"slowQueries":0},"environment":"development","level":"info","message":"📊 Application Metrics","requests":{"rps":"0.00","total":0},"service":"devtinder-api","timestamp":"2026-01-30 19:07:56","uptime":"21m 11s"}
{"environment":"development","ip":"::1","level":"http","message":"HTTP Request","method":"GET","requestId":"4cd01d41-5944-4cc6-b6b9-61b334fd9ad7","service":"devtinder-api","timestamp":"2026-01-30 19:09:26","url":"/api/health","userAgent":"PostmanRuntime/7.51.0"}
{"environment":"development","level":"info","message":"Health check performed","service":"devtinder-api","status":"healthy","timestamp":"2026-01-30 19:09:26"}
{"duration":"4ms","environment":"development","level":"http","message":"HTTP Response","method":"GET","requestId":"4cd01d41-5944-4cc6-b6b9-61b334fd9ad7","responseSize":133,"service":"devtinder-api","statusCode":200,"timestamp":"2026-01-30 19:09:26","url":"/"}
{"duration":"5ms","environment":"development","level":"http","message":"HTTP Response","method":"GET","requestId":"4cd01d41-5944-4cc6-b6b9-61b334fd9ad7","responseSize":133,"service":"devtinder-api","statusCode":200,"timestamp":"2026-01-30 19:09:26","url":"/"}
{"environment":"development","ip":"::1","level":"http","message":"HTTP Request","method":"GET","requestId":"3129ae69-9eba-476d-8047-7a2c9739e5a4","service":"devtinder-api","timestamp":"2026-01-30 19:09:49","url":"/api/health","userAgent":"PostmanRuntime/7.51.0"}
{"environment":"development","level":"info","message":"Health check performed","service":"devtinder-api","status":"healthy","timestamp":"2026-01-30 19:09:49"}
{"duration":"2ms","environment":"development","level":"http","message":"HTTP Response","method":"GET","requestId":"3129ae69-9eba-476d-8047-7a2c9739e5a4","responseSize":131,"service":"devtinder-api","statusCode":200,"timestamp":"2026-01-30 19:09:49","url":"/"}
{"duration":"2ms","environment":"development","level":"http","message":"HTTP Response","method":"GET","requestId":"3129ae69-9eba-476d-8047-7a2c9739e5a4","responseSize":131,"service":"devtinder-api","statusCode":200,"timestamp":"2026-01-30 19:09:49","url":"/"}
{"environment":"development","ip":"::1","level":"http","message":"HTTP Request","method":"GET","requestId":"18487000-c898-4010-8b5f-345e2c81e8f3","service":"devtinder-api","timestamp":"2026-01-30 19:09:51","url":"/api/health","userAgent":"PostmanRuntime/7.51.0"}
{"environment":"development","level":"info","message":"Health check performed","service":"devtinder-api","status":"healthy","timestamp":"2026-01-30 19:09:51"}
{"duration":"3ms","environment":"development","level":"http","message":"HTTP Response","method":"GET","requestId":"18487000-c898-4010-8b5f-345e2c81e8f3","responseSize":133,"service":"devtinder-api","statusCode":200,"timestamp":"2026-01-30 19:09:51","url":"/"}
{"duration":"3ms","environment":"development","level":"http","message":"HTTP Response","method":"GET","requestId":"18487000-c898-4010-8b5f-345e2c81e8f3","responseSize":133,"service":"devtinder-api","statusCode":200,"timestamp":"2026-01-30 19:09:51","url":"/"}
{"environment":"development","ip":"::1","level":"http","message":"HTTP Request","method":"GET","requestId":"cd54bcc5-d2a3-4d91-826e-8557ed21766c","service":"devtinder-api","timestamp":"2026-01-30 19:10:38","url":"/api/health","userAgent":"PostmanRuntime/7.51.0"}
{"environment":"development","level":"info","message":"Health check performed","service":"devtinder-api","status":"healthy","timestamp":"2026-01-30 19:10:38"}
{"duration":"2ms","environment":"development","level":"http","message":"HTTP Response","method":"GET","requestId":"cd54bcc5-d2a3-4d91-826e-8557ed21766c","responseSize":133,"service":"devtinder-api","statusCode":200,"timestamp":"2026-01-30 19:10:38","url":"/"}
{"duration":"2ms","environment":"development","level":"http","message":"HTTP Response","method":"GET","requestId":"cd54bcc5-d2a3-4d91-826e-8557ed21766c","responseSize":133,"service":"devtinder-api","statusCode":200,"timestamp":"2026-01-30 19:10:38","url":"/"}
{"environment":"development","ip":"::1","level":"http","message":"HTTP Request","method":"GET","requestId":"fcc3b8ef-3815-406f-b2b1-08d714b4cef1","service":"devtinder-api","timestamp":"2026-01-30 19:12:28","url":"/api/health/detailed","userAgent":"PostmanRuntime/7.51.0"}
{"duration":"2ms","environment":"development","level":"http","message":"HTTP Response","method":"GET","requestId":"fcc3b8ef-3815-406f-b2b1-08d714b4cef1","responseSize":566,"service":"devtinder-api","statusCode":200,"timestamp":"2026-01-30 19:12:28","url":"/detailed"}
{"duration":"3ms","environment":"development","level":"http","message":"HTTP Response","method":"GET","requestId":"fcc3b8ef-3815-406f-b2b1-08d714b4cef1","responseSize":566,"service":"devtinder-api","statusCode":200,"timestamp":"2026-01-30 19:12:28","url":"/detailed"}
{"cache":{"hitRate":"0%"},"database":{"avgTime":"0ms","queries":0,"slowQueries":0},"environment":"development","level":"info","message":"📊 Application Metrics","requests":{"rps":"0.00","total":5},"service":"devtinder-api","timestamp":"2026-01-30 19:12:56","uptime":"26m 11s"}
{"environment":"development","ip":"::1","level":"http","message":"HTTP Request","method":"GET","requestId":"d772939f-b034-44c8-ae8c-996bed61b981","service":"devtinder-api","timestamp":"2026-01-30 19:13:12","url":"/api/v2/user/profile","userAgent":"PostmanRuntime/7.51.0"}
{"duration":"823ms","environment":"development","level":"http","message":"HTTP Response","method":"GET","requestId":"d772939f-b034-44c8-ae8c-996bed61b981","responseSize":572,"service":"devtinder-api","statusCode":200,"timestamp":"2026-01-30 19:13:13","url":"/profile","userId":"6957be6fc81eafa2b23a103b"}
{"duration":"824ms","environment":"development","level":"http","message":"HTTP Response","method":"GET","requestId":"d772939f-b034-44c8-ae8c-996bed61b981","responseSize":572,"service":"devtinder-api","statusCode":200,"timestamp":"2026-01-30 19:13:13","url":"/profile","userId":"6957be6fc81eafa2b23a103b"}
{"environment":"development","level":"info","message":"SIGINT received, shutting down gracefully","service":"devtinder-api","timestamp":"2026-01-30 19:17:55"}
